Determining if the pthread_create exist failed with the following output:
Change Dir: /home/nimrodd/code/lsd_slam_noros/CMakeFiles/CMakeTmp

Run Build Command:"/usr/bin/make" "cmTC_7c2f2/fast"
/usr/bin/make -f CMakeFiles/cmTC_7c2f2.dir/build.make CMakeFiles/cmTC_7c2f2.dir/build
make[1]: Entering directory '/home/nimrodd/code/lsd_slam_noros/CMakeFiles/CMakeTmp'
Building C object CMakeFiles/cmTC_7c2f2.dir/CheckSymbolExists.c.o
/usr/bin/cc    -o CMakeFiles/cmTC_7c2f2.dir/CheckSymbolExists.c.o   -c /home/nimrodd/code/lsd_slam_noros/CMakeFiles/CMakeTmp/CheckSymbolExists.c
Linking C executable cmTC_7c2f2
/usr/bin/cmake -E cmake_link_script CMakeFiles/cmTC_7c2f2.dir/link.txt --verbose=1
/usr/bin/cc      -rdynamic CMakeFiles/cmTC_7c2f2.dir/CheckSymbolExists.c.o  -o cmTC_7c2f2 
/usr/bin/ld: CMakeFiles/cmTC_7c2f2.dir/CheckSymbolExists.c.o: in function `main':
CheckSymbolExists.c:(.text+0x1f): undefined reference to `pthread_create'
collect2: error: ld returned 1 exit status
make[1]: *** [CMakeFiles/cmTC_7c2f2.dir/build.make:87: cmTC_7c2f2] Error 1
make[1]: Leaving directory '/home/nimrodd/code/lsd_slam_noros/CMakeFiles/CMakeTmp'
make: *** [Makefile:121: cmTC_7c2f2/fast] Error 2

File /home/nimrodd/code/lsd_slam_noros/CMakeFiles/CMakeTmp/CheckSymbolExists.c:
/* */
#include <pthread.h>

int main(int argc, char** argv)
{
  (void)argv;
#ifndef pthread_create
  return ((int*)(&pthread_create))[argc];
#else
  (void)argc;
  return 0;
#endif
}

Determining if the function pthread_create exists in the pthreads failed with the following output:
Change Dir: /home/nimrodd/code/lsd_slam_noros/CMakeFiles/CMakeTmp

Run Build Command:"/usr/bin/make" "cmTC_d3baa/fast"
/usr/bin/make -f CMakeFiles/cmTC_d3baa.dir/build.make CMakeFiles/cmTC_d3baa.dir/build
make[1]: Entering directory '/home/nimrodd/code/lsd_slam_noros/CMakeFiles/CMakeTmp'
Building C object CMakeFiles/cmTC_d3baa.dir/CheckFunctionExists.c.o
/usr/bin/cc   -DCHECK_FUNCTION_EXISTS=pthread_create   -o CMakeFiles/cmTC_d3baa.dir/CheckFunctionExists.c.o   -c /usr/share/cmake-3.13/Modules/CheckFunctionExists.c
Linking C executable cmTC_d3baa
/usr/bin/cmake -E cmake_link_script CMakeFiles/cmTC_d3baa.dir/link.txt --verbose=1
/usr/bin/cc  -DCHECK_FUNCTION_EXISTS=pthread_create    -rdynamic CMakeFiles/cmTC_d3baa.dir/CheckFunctionExists.c.o  -o cmTC_d3baa -lpthreads 
/usr/bin/ld: cannot find -lpthreads
collect2: error: ld returned 1 exit status
make[1]: *** [CMakeFiles/cmTC_d3baa.dir/build.make:87: cmTC_d3baa] Error 1
make[1]: Leaving directory '/home/nimrodd/code/lsd_slam_noros/CMakeFiles/CMakeTmp'
make: *** [Makefile:121: cmTC_d3baa/fast] Error 2


Determining if the function sgemm_ exists failed with the following output:
Change Dir: /home/nimrodd/code/lsd_slam_noros/CMakeFiles/CMakeTmp

Run Build Command:"/usr/bin/make" "cmTC_0ce1c/fast"
/usr/bin/make -f CMakeFiles/cmTC_0ce1c.dir/build.make CMakeFiles/cmTC_0ce1c.dir/build
make[1]: Entering directory '/home/nimrodd/code/lsd_slam_noros/CMakeFiles/CMakeTmp'
Building C object CMakeFiles/cmTC_0ce1c.dir/CheckFunctionExists.c.o
/usr/bin/cc   -DCHECK_FUNCTION_EXISTS=sgemm_   -o CMakeFiles/cmTC_0ce1c.dir/CheckFunctionExists.c.o   -c /usr/share/cmake-3.13/Modules/CheckFunctionExists.c
Linking C executable cmTC_0ce1c
/usr/bin/cmake -E cmake_link_script CMakeFiles/cmTC_0ce1c.dir/link.txt --verbose=1
/usr/bin/cc  -DCHECK_FUNCTION_EXISTS=sgemm_    -rdynamic CMakeFiles/cmTC_0ce1c.dir/CheckFunctionExists.c.o  -o cmTC_0ce1c 
/usr/bin/ld: CMakeFiles/cmTC_0ce1c.dir/CheckFunctionExists.c.o: in function `main':
CheckFunctionExists.c:(.text+0x14): undefined reference to `sgemm_'
collect2: error: ld returned 1 exit status
make[1]: *** [CMakeFiles/cmTC_0ce1c.dir/build.make:87: cmTC_0ce1c] Error 1
make[1]: Leaving directory '/home/nimrodd/code/lsd_slam_noros/CMakeFiles/CMakeTmp'
make: *** [Makefile:121: cmTC_0ce1c/fast] Error 2


Performing C SOURCE FILE Test CMAKE_HAVE_LIBC_PTHREAD failed with the following output:
Change Dir: /home/nimrodd/code/lsd_slam_noros/CMakeFiles/CMakeTmp

Run Build Command(s):/usr/bin/make cmTC_a9a01/fast && /usr/bin/make -f CMakeFiles/cmTC_a9a01.dir/build.make CMakeFiles/cmTC_a9a01.dir/build
make[1]: Entering directory '/home/nimrodd/code/lsd_slam_noros/CMakeFiles/CMakeTmp'
Building C object CMakeFiles/cmTC_a9a01.dir/src.c.o
/usr/bin/cc   -DCMAKE_HAVE_LIBC_PTHREAD   -o CMakeFiles/cmTC_a9a01.dir/src.c.o   -c /home/nimrodd/code/lsd_slam_noros/CMakeFiles/CMakeTmp/src.c
Linking C executable cmTC_a9a01
/snap/clion/99/bin/cmake/linux/bin/cmake -E cmake_link_script CMakeFiles/cmTC_a9a01.dir/link.txt --verbose=1
/usr/bin/cc  -DCMAKE_HAVE_LIBC_PTHREAD    -rdynamic CMakeFiles/cmTC_a9a01.dir/src.c.o  -o cmTC_a9a01 
/usr/bin/ld: CMakeFiles/cmTC_a9a01.dir/src.c.o: in function `main':
src.c:(.text+0x46): undefined reference to `pthread_create'
/usr/bin/ld: src.c:(.text+0x52): undefined reference to `pthread_detach'
/usr/bin/ld: src.c:(.text+0x63): undefined reference to `pthread_join'
collect2: error: ld returned 1 exit status
make[1]: *** [CMakeFiles/cmTC_a9a01.dir/build.make:87: cmTC_a9a01] Error 1
make[1]: Leaving directory '/home/nimrodd/code/lsd_slam_noros/CMakeFiles/CMakeTmp'
make: *** [Makefile:121: cmTC_a9a01/fast] Error 2


Source file was:
#include <pthread.h>

void* test_func(void* data)
{
  return data;
}

int main(void)
{
  pthread_t thread;
  pthread_create(&thread, NULL, test_func, NULL);
  pthread_detach(thread);
  pthread_join(thread, NULL);
  pthread_atfork(NULL, NULL, NULL);
  pthread_exit(NULL);

  return 0;
}

